<?xml version="1.0" encoding="UTF-8"?>
<!-- Generated by org.testng.reporters.JUnitXMLReporter -->
<testsuite ignored="0" hostname="anshumann-Aspire-A715-42G" failures="0" tests="6" name="Default test" time="54.501" errors="0" timestamp="2022-12-07T18:13:55 IST">
  <testcase classname="one1.NewTest" name="Login" time="0.222"/>
  <testcase classname="one1.NewTest" name="Calciopen" time="12.254"/>
  <testcase classname="one1.NewTest" name="oneColumn" time="7.872"/>
  <testcase classname="one1.NewTest" name="Formulabuild" time="9.585"/>
  <testcase classname="one1.NewTest" name="Formulacreate" time="5.711"/>
  <testcase classname="one1.NewTest" name="Previewopen" time="15.122"/>
</testsuite> <!-- Default test -->
