<?xml version="1.0" encoding="UTF-8"?>
<!-- Generated by org.testng.reporters.JUnitXMLReporter -->
<testsuite ignored="0" hostname="anshumann-Aspire-A715-42G" failures="0" tests="6" name="Default test" time="51.362" errors="0" timestamp="2022-12-08T11:20:29 IST">
  <testcase classname="one1.NewTest2" name="Login" time="0.224"/>
  <testcase classname="one1.NewTest2" name="Calciopen" time="11.762"/>
  <testcase classname="one1.NewTest2" name="oneColumn" time="7.69"/>
  <testcase classname="one1.NewTest2" name="Formulabuild" time="8.131"/>
  <testcase classname="one1.NewTest2" name="Formulacreate" time="5.829"/>
  <testcase classname="one1.NewTest2" name="Previewopen" time="15.211"/>
</testsuite> <!-- Default test -->
