<?xml version="1.0" encoding="UTF-8"?>
<testng-results ignored="0" total="6" passed="5" failed="1" skipped="0">
  <reporter-output>
  </reporter-output>
  <suite started-at="2022-11-25T14:48:41 IST" name="Default suite" finished-at="2022-11-25T14:49:22 IST" duration-ms="40773">
    <groups>
    </groups>
    <test started-at="2022-11-25T14:48:41 IST" name="Default test" finished-at="2022-11-25T14:49:22 IST" duration-ms="40773">
      <class name="one1.NewTest2">
        <test-method is-config="true" signature="OpenBrowserPage()[pri:0, instance:one1.NewTest2@79ab34c1]" started-at="2022-11-25T14:48:41 IST" name="OpenBrowserPage" finished-at="2022-11-25T14:48:44 IST" duration-ms="2473" status="PASS">
          <reporter-output>
          </reporter-output>
        </test-method> <!-- OpenBrowserPage -->
        <test-method signature="Login()[pri:0, instance:one1.NewTest2@79ab34c1]" started-at="2022-11-25T14:48:44 IST" name="Login" finished-at="2022-11-25T14:48:44 IST" duration-ms="235" status="PASS">
          <reporter-output>
          </reporter-output>
        </test-method> <!-- Login -->
        <test-method signature="Calciopen()[pri:1, instance:one1.NewTest2@79ab34c1]" started-at="2022-11-25T14:48:44 IST" name="Calciopen" finished-at="2022-11-25T14:48:55 IST" duration-ms="10827" status="PASS">
          <reporter-output>
          </reporter-output>
        </test-method> <!-- Calciopen -->
        <test-method signature="oneColumn()[pri:2, instance:one1.NewTest2@79ab34c1]" started-at="2022-11-25T14:48:55 IST" name="oneColumn" finished-at="2022-11-25T14:49:03 IST" duration-ms="7778" status="PASS">
          <reporter-output>
          </reporter-output>
        </test-method> <!-- oneColumn -->
        <test-method signature="Formulabuild()[pri:3, instance:one1.NewTest2@79ab34c1]" started-at="2022-11-25T14:49:03 IST" name="Formulabuild" finished-at="2022-11-25T14:49:11 IST" duration-ms="8190" status="PASS">
          <reporter-output>
          </reporter-output>
        </test-method> <!-- Formulabuild -->
        <test-method signature="Formulacreate()[pri:4, instance:one1.NewTest2@79ab34c1]" started-at="2022-11-25T14:49:11 IST" name="Formulacreate" finished-at="2022-11-25T14:49:17 IST" duration-ms="5665" status="PASS">
          <reporter-output>
          </reporter-output>
        </test-method> <!-- Formulacreate -->
        <test-method signature="Builderconfig()[pri:5, instance:one1.NewTest2@79ab34c1]" started-at="2022-11-25T14:49:17 IST" name="Builderconfig" finished-at="2022-11-25T14:49:22 IST" duration-ms="5567" status="FAIL">
          <exception class="org.openqa.selenium.NoSuchElementException">
            <message>
              <![CDATA[no such element: Unable to locate element: {"method":"link text","selector":"Q1. In this article, I’m going to demonstrate an approach to this kind of editorial design, which builds on a few techniques some of which are discussed in the following articles:"}
  (Session info: chrome=104.0.5112.79)
For documentation on this error, please visit: https://selenium.dev/exceptions/#no_such_element
Build info: version: '4.4.0', revision: 'e5c75ed026a'
System info: host: 'anshumann-Aspire-A715-42G', ip: '127.0.1.1', os.name: 'Linux', os.arch: 'amd64', os.version: '5.15.0-43-generic', java.version: '17.0.2'
Driver info: org.openqa.selenium.chrome.ChromeDriver
Command: [82b924bc1696389e265dbc543cca316b, findElement {using=link text, value=Q1. In this article, I’m going to demonstrate an approach to this kind of editorial design, which builds on a few techniques some of which are discussed in the following articles:}]
Capabilities {acceptInsecureCerts: false, browserName: chrome, browserVersion: 104.0.5112.79, chrome: {chromedriverVersion: 104.0.5112.79 (3cf3e8c8a07d..., userDataDir: /tmp/.com.google.Chrome.4Jur00}, goog:chromeOptions: {debuggerAddress: localhost:40369}, networkConnectionEnabled: false, pageLoadStrategy: normal, platformName: LINUX, proxy: Proxy(), se:cdp: ws://localhost:40369/devtoo..., se:cdpVersion: 104.0.5112.79, setWindowRect: true, strictFileInteractability: false, timeouts: {implicit: 0, pageLoad: 300000, script: 30000}, unhandledPromptBehavior: dismiss and notify, webauthn:extension:credBlob: true, webauthn:extension:largeBlob: true, webauthn:virtualAuthenticators: true}
Session ID: 82b924bc1696389e265dbc543cca316b]]>
            </message>
            <full-stacktrace>
              <![CDATA[org.openqa.selenium.NoSuchElementException: no such element: Unable to locate element: {"method":"link text","selector":"Q1. In this article, I’m going to demonstrate an approach to this kind of editorial design, which builds on a few techniques some of which are discussed in the following articles:"}
  (Session info: chrome=104.0.5112.79)
For documentation on this error, please visit: https://selenium.dev/exceptions/#no_such_element
Build info: version: '4.4.0', revision: 'e5c75ed026a'
System info: host: 'anshumann-Aspire-A715-42G', ip: '127.0.1.1', os.name: 'Linux', os.arch: 'amd64', os.version: '5.15.0-43-generic', java.version: '17.0.2'
Driver info: org.openqa.selenium.chrome.ChromeDriver
Command: [82b924bc1696389e265dbc543cca316b, findElement {using=link text, value=Q1. In this article, I’m going to demonstrate an approach to this kind of editorial design, which builds on a few techniques some of which are discussed in the following articles:}]
Capabilities {acceptInsecureCerts: false, browserName: chrome, browserVersion: 104.0.5112.79, chrome: {chromedriverVersion: 104.0.5112.79 (3cf3e8c8a07d..., userDataDir: /tmp/.com.google.Chrome.4Jur00}, goog:chromeOptions: {debuggerAddress: localhost:40369}, networkConnectionEnabled: false, pageLoadStrategy: normal, platformName: LINUX, proxy: Proxy(), se:cdp: ws://localhost:40369/devtoo..., se:cdpVersion: 104.0.5112.79, setWindowRect: true, strictFileInteractability: false, timeouts: {implicit: 0, pageLoad: 300000, script: 30000}, unhandledPromptBehavior: dismiss and notify, webauthn:extension:credBlob: true, webauthn:extension:largeBlob: true, webauthn:virtualAuthenticators: true}
Session ID: 82b924bc1696389e265dbc543cca316b
at jdk.internal.reflect.GeneratedConstructorAccessor10.newInstance(Unknown Source)
at java.base/jdk.internal.reflect.DelegatingConstructorAccessorImpl.newInstance(DelegatingConstructorAccessorImpl.java:45)
at java.base/java.lang.reflect.Constructor.newInstanceWithCaller(Constructor.java:499)
at java.base/java.lang.reflect.Constructor.newInstance(Constructor.java:480)
at org.openqa.selenium.remote.codec.w3c.W3CHttpResponseCodec.createException(W3CHttpResponseCodec.java:200)
at org.openqa.selenium.remote.codec.w3c.W3CHttpResponseCodec.decode(W3CHttpResponseCodec.java:133)
at org.openqa.selenium.remote.codec.w3c.W3CHttpResponseCodec.decode(W3CHttpResponseCodec.java:53)
at org.openqa.selenium.remote.HttpCommandExecutor.execute(HttpCommandExecutor.java:184)
at org.openqa.selenium.remote.service.DriverCommandExecutor.invokeExecute(DriverCommandExecutor.java:167)
at org.openqa.selenium.remote.service.DriverCommandExecutor.execute(DriverCommandExecutor.java:142)
at org.openqa.selenium.remote.RemoteWebDriver.execute(RemoteWebDriver.java:547)
at org.openqa.selenium.remote.ElementLocation$ElementFinder$2.findElement(ElementLocation.java:162)
at org.openqa.selenium.remote.ElementLocation.findElement(ElementLocation.java:60)
at org.openqa.selenium.remote.RemoteWebDriver.findElement(RemoteWebDriver.java:365)
at org.openqa.selenium.remote.RemoteWebDriver.findElement(RemoteWebDriver.java:357)
at one1.NewTest2.Builderconfig(NewTest2.java:97)
at java.base/jdk.internal.reflect.NativeMethodAccessorImpl.invoke0(Native Method)
at java.base/jdk.internal.reflect.NativeMethodAccessorImpl.invoke(NativeMethodAccessorImpl.java:77)
at java.base/jdk.internal.reflect.DelegatingMethodAccessorImpl.invoke(DelegatingMethodAccessorImpl.java:43)
at java.base/java.lang.reflect.Method.invoke(Method.java:568)
at org.testng.internal.MethodInvocationHelper.invokeMethod(MethodInvocationHelper.java:133)
at org.testng.internal.TestInvoker.invokeMethod(TestInvoker.java:598)
at org.testng.internal.TestInvoker.invokeTestMethod(TestInvoker.java:173)
at org.testng.internal.MethodRunner.runInSequence(MethodRunner.java:46)
at org.testng.internal.TestInvoker$MethodInvocationAgent.invoke(TestInvoker.java:824)
at org.testng.internal.TestInvoker.invokeTestMethods(TestInvoker.java:146)
at org.testng.internal.TestMethodWorker.invokeTestMethods(TestMethodWorker.java:146)
at org.testng.internal.TestMethodWorker.run(TestMethodWorker.java:128)
at java.base/java.util.ArrayList.forEach(ArrayList.java:1511)
at org.testng.TestRunner.privateRun(TestRunner.java:794)
at org.testng.TestRunner.run(TestRunner.java:596)
at org.testng.SuiteRunner.runTest(SuiteRunner.java:377)
at org.testng.SuiteRunner.runSequentially(SuiteRunner.java:371)
at org.testng.SuiteRunner.privateRun(SuiteRunner.java:332)
at org.testng.SuiteRunner.run(SuiteRunner.java:276)
at org.testng.SuiteRunnerWorker.runSuite(SuiteRunnerWorker.java:53)
at org.testng.SuiteRunnerWorker.run(SuiteRunnerWorker.java:96)
at org.testng.TestNG.runSuitesSequentially(TestNG.java:1212)
at org.testng.TestNG.runSuitesLocally(TestNG.java:1134)
at org.testng.TestNG.runSuites(TestNG.java:1063)
at org.testng.TestNG.run(TestNG.java:1031)
at org.testng.remote.AbstractRemoteTestNG.run(AbstractRemoteTestNG.java:115)
at org.testng.remote.RemoteTestNG.initAndRun(RemoteTestNG.java:251)
at org.testng.remote.RemoteTestNG.main(RemoteTestNG.java:77)
]]>
            </full-stacktrace>
          </exception> <!-- org.openqa.selenium.NoSuchElementException -->
          <reporter-output>
          </reporter-output>
        </test-method> <!-- Builderconfig -->
        <test-method is-config="true" signature="afterTest()[pri:0, instance:one1.NewTest2@79ab34c1]" started-at="2022-11-25T14:49:22 IST" name="afterTest" finished-at="2022-11-25T14:49:22 IST" duration-ms="0" status="PASS">
          <reporter-output>
          </reporter-output>
        </test-method> <!-- afterTest -->
      </class> <!-- one1.NewTest2 -->
    </test> <!-- Default test -->
  </suite> <!-- Default suite -->
</testng-results>
